{
  "stats": {
    "suites": 2,
    "tests": 4,
    "passes": 4,
    "pending": 0,
    "failures": 0,
    "testsRegistered": 4,
    "passPercent": 100,
    "pendingPercent": 0,
    "other": 0,
    "hasOther": false,
    "skipped": 0,
    "hasSkipped": false,
    "start": "2024-07-18T09:04:53.802Z",
    "end": "2024-07-18T09:06:48.394Z",
    "duration": 114592
  },
  "results": [
    {
      "uuid": "2d24e387-127f-4f5e-8f32-7faedbf2a5c7",
      "title": "",
      "fullFile": "cypress\\e2e\\reportCard.cy.js",
      "file": "cypress\\e2e\\reportCard.cy.js",
      "beforeHooks": [],
      "afterHooks": [],
      "tests": [],
      "suites": [
        {
          "uuid": "aaf67d3c-b07c-4edd-810a-4aef026b824d",
          "title": "Verifying the text on report cards",
          "fullFile": "",
          "file": "",
          "beforeHooks": [],
          "afterHooks": [],
          "tests": [
            {
              "title": "Verify the text on the ForeignNational card",
              "fullTitle": "Verifying the text on report cards Verify the text on the ForeignNational card",
              "timedOut": null,
              "duration": 17213,
              "state": "passed",
              "speed": "slow",
              "pass": true,
              "fail": false,
              "pending": false,
              "context": null,
              "code": "reportPage.selectCard().should(\"be.visible\").and(\"contain.text\", \"Active Foreign Nationals\");",
              "err": {},
              "uuid": "8c0025da-505c-4a08-a449-99d75ec44fd5",
              "parentUUID": "aaf67d3c-b07c-4edd-810a-4aef026b824d",
              "isHook": false,
              "skipped": false
            },
            {
              "title": "Verify the text on the Company card",
              "fullTitle": "Verifying the text on report cards Verify the text on the Company card",
              "timedOut": null,
              "duration": 2864,
              "state": "passed",
              "speed": "fast",
              "pass": true,
              "fail": false,
              "pending": false,
              "context": null,
              "code": "reportPage.selectCard().should(\"be.visible\").and(\"contain.text\", \"Active Companies\");",
              "err": {},
              "uuid": "c74332bb-78e2-458e-8e23-6e56fa68eddf",
              "parentUUID": "aaf67d3c-b07c-4edd-810a-4aef026b824d",
              "isHook": false,
              "skipped": false
            },
            {
              "title": "Verify the text on the Case card",
              "fullTitle": "Verifying the text on report cards Verify the text on the Case card",
              "timedOut": null,
              "duration": 3436,
              "state": "passed",
              "speed": "fast",
              "pass": true,
              "fail": false,
              "pending": false,
              "context": null,
              "code": "reportPage.selectCard().should(\"be.visible\").and(\"contain.text\", \"Open Cases\");",
              "err": {},
              "uuid": "4335bd8f-dd90-4ddd-b78d-fab4bc83e2ea",
              "parentUUID": "aaf67d3c-b07c-4edd-810a-4aef026b824d",
              "isHook": false,
              "skipped": false
            }
          ],
          "suites": [],
          "passes": [
            "8c0025da-505c-4a08-a449-99d75ec44fd5",
            "c74332bb-78e2-458e-8e23-6e56fa68eddf",
            "4335bd8f-dd90-4ddd-b78d-fab4bc83e2ea"
          ],
          "failures": [],
          "pending": [],
          "skipped": [],
          "duration": 23513,
          "root": false,
          "rootEmpty": false,
          "_timeout": 2000
        }
      ],
      "passes": [],
      "failures": [],
      "pending": [],
      "skipped": [],
      "duration": 0,
      "root": true,
      "rootEmpty": true,
      "_timeout": 2000
    },
    {
      "uuid": "d9604f35-8887-4e7f-9f0a-dd1c6099e5b8",
      "title": "",
      "fullFile": "cypress\\e2e\\login.cy.js",
      "file": "cypress\\e2e\\login.cy.js",
      "beforeHooks": [],
      "afterHooks": [],
      "tests": [],
      "suites": [
        {
          "uuid": "3f0031b4-254a-4d6d-a95e-8772242daedf",
          "title": "Login to Voyager",
          "fullFile": "",
          "file": "",
          "beforeHooks": [],
          "afterHooks": [],
          "tests": [
            {
              "title": "login",
              "fullTitle": "Login to Voyager login",
              "timedOut": null,
              "duration": 16669,
              "state": "passed",
              "speed": "slow",
              "pass": true,
              "fail": false,
              "pending": false,
              "context": null,
              "code": "cy.visit(\"/\");\nconst login = new _loginPage.Login();\nconst validemail = Cypress.env(\"USERNAME\");\nconst validpassword = Cypress.env(\"PASSWORD\");\nlogin.setUserName(validemail);\nlogin.setPassword(validpassword, {\n  log: false\n});\nlogin.clickSingIn();\nlogin.elements.txtWelcome().should(\"be.visible\").and(\"contain.text\", \"Welcome back\");",
              "err": {},
              "uuid": "4f612a07-b7c3-4822-8d1b-125c14de15be",
              "parentUUID": "3f0031b4-254a-4d6d-a95e-8772242daedf",
              "isHook": false,
              "skipped": false
            }
          ],
          "suites": [],
          "passes": [
            "4f612a07-b7c3-4822-8d1b-125c14de15be"
          ],
          "failures": [],
          "pending": [],
          "skipped": [],
          "duration": 16669,
          "root": false,
          "rootEmpty": false,
          "_timeout": 2000
        }
      ],
      "passes": [],
      "failures": [],
      "pending": [],
      "skipped": [],
      "duration": 0,
      "root": true,
      "rootEmpty": true,
      "_timeout": 2000
    }
  ],
  "meta": {
    "mocha": {
      "version": "7.0.1"
    },
    "mochawesome": {
      "options": {
        "quiet": false,
        "reportFilename": "mochawesome",
        "saveHtml": true,
        "saveJson": true,
        "consoleReporter": "spec",
        "useInlineDiffs": false,
        "code": true
      },
      "version": "7.1.3"
    },
    "marge": {
      "options": {
        "reportDir": "cypress/results",
        "charts": false,
        "overwrite": false,
        "html": true,
        "json": true
      },
      "version": "6.2.0"
    }
  }
}