{
  "stats": {
    "suites": 6,
    "tests": 7,
    "passes": 6,
    "pending": 0,
    "failures": 1,
    "testsRegistered": 7,
    "passPercent": 85.71428571428571,
    "pendingPercent": 0,
    "other": 0,
    "hasOther": false,
    "skipped": 0,
    "hasSkipped": false,
    "start": "2024-01-26T21:38:54.797Z",
    "end": "2024-01-26T21:42:28.963Z",
    "duration": 214166
  },
  "results": [
    {
      "uuid": "a8c35f64-a464-41c2-b184-c03d8fe047da",
      "title": "",
      "fullFile": "cypress\\e2e\\CaseView\\CaseOverviewTab.cy.js",
      "file": "cypress\\e2e\\CaseView\\CaseOverviewTab.cy.js",
      "beforeHooks": [],
      "afterHooks": [],
      "tests": [],
      "suites": [
        {
          "uuid": "62c95bd9-e22b-4141-8ff4-54a6b2cf1c55",
          "title": "Case's 'Overview' Tab",
          "fullFile": "",
          "file": "",
          "beforeHooks": [],
          "afterHooks": [],
          "tests": [
            {
              "title": "Verifying the Displaying Card from Name",
              "fullTitle": "Case's 'Overview' Tab Verifying the Displaying Card from Name",
              "timedOut": null,
              "duration": 20816,
              "state": "failed",
              "speed": null,
              "pass": false,
              "fail": true,
              "pending": false,
              "context": null,
              "code": "//*************Open task*****/\ncy.get(\".jss547 > .MuiTypography-root\", {\n  timeout: 1000\n}).should(\"include.text\", \"Open Tasks\");\n//*************key dates*****/\ncy.get(\".jss492 > .MuiTypography-root\").should(\"include.text\", \"Key Dates\");\n//*************Prevailing Wage Case*****/\ncy.get(`.MuiTypography-root.jss5575.MuiTypography-body1[shub-ins=\"1\"]`).should(\"contain.text\", \"Prevailing Wage Case\");\n//*******Shipment Tracking******/\ncy.get(\".jss505 > .MuiTypography-root\").should(\"contain.text\", \"Shipment Tracking\");\n/***********Receipt Numbers******/\ncy.get(\".jss520 > .MuiTypography-root\").should(\"contain.text\", \"Receipt Numbers\");\n//***************Payment Status*******/\ncy.get(\".jss531 > .MuiTypography-root\").should(\"contain.text\", \"Payment Status\");",
              "err": {
                "message": "AssertionError: Timed out retrying after 1000ms: expected '<p.MuiTypography-root.MuiTypography-body1>' to contain text 'Open Tasks', but the text was 'No value'",
                "estack": "AssertionError: Timed out retrying after 1000ms: expected '<p.MuiTypography-root.MuiTypography-body1>' to contain text 'Open Tasks', but the text was 'No value'\n    at Context.eval (webpack://cypress-automation/./cypress/e2e/CaseView/CaseOverviewTab.cy.js:34:63)",
                "diff": "- 'No value'\n+ 'Open Tasks'\n"
              },
              "uuid": "3d35b4cd-1717-4183-bf30-e5f920d57f52",
              "parentUUID": "62c95bd9-e22b-4141-8ff4-54a6b2cf1c55",
              "isHook": false,
              "skipped": false
            },
            {
              "title": "Verifying the Displaying Card from Name (Using 'Contains' keyword",
              "fullTitle": "Case's 'Overview' Tab Verifying the Displaying Card from Name (Using 'Contains' keyword",
              "timedOut": null,
              "duration": 19960,
              "state": "passed",
              "speed": "slow",
              "pass": true,
              "fail": false,
              "pending": false,
              "context": null,
              "code": "//*************Open task*****/\ncy.contains(\"Open Tasks\").should(\"be.visible\");\n//*************key dates*****/\ncy.contains(\"Key Dates\").scrollIntoView().should(\"be.visible\");\n//*************Prevailing Wage Case*****/\ncy.contains(\"Prevailing Wage Case\").should(\"be.visible\");\n/***********Receipt Numbers******/\ncy.contains(\"Receipt Numbers\").should(\"be.visible\");\n//*******Shipment Tracking******/\ncy.contains(\"Shipment Tracking\").scrollIntoView().should(\"be.visible\");\n//***************Payment Status*******/\ncy.contains(\"Payment Status\").scrollIntoView().should(\"be.visible\");",
              "err": {},
              "uuid": "bdb345e0-5a25-48f3-9e7d-ec519737694b",
              "parentUUID": "62c95bd9-e22b-4141-8ff4-54a6b2cf1c55",
              "isHook": false,
              "skipped": false
            }
          ],
          "suites": [],
          "passes": [
            "bdb345e0-5a25-48f3-9e7d-ec519737694b"
          ],
          "failures": [
            "3d35b4cd-1717-4183-bf30-e5f920d57f52"
          ],
          "pending": [],
          "skipped": [],
          "duration": 40776,
          "root": false,
          "rootEmpty": false,
          "_timeout": 2000
        }
      ],
      "passes": [],
      "failures": [],
      "pending": [],
      "skipped": [],
      "duration": 0,
      "root": true,
      "rootEmpty": true,
      "_timeout": 2000
    },
    {
      "uuid": "669d700a-26de-4915-9a61-4a6a13dbf4d3",
      "title": "",
      "fullFile": "cypress\\e2e\\CaseView\\CaseTaskTab.cy.js",
      "file": "cypress\\e2e\\CaseView\\CaseTaskTab.cy.js",
      "beforeHooks": [],
      "afterHooks": [],
      "tests": [],
      "suites": [
        {
          "uuid": "fe777d9f-df0b-4e9d-8e3d-c19b807799de",
          "title": "Case's 'Tasks' Tab",
          "fullFile": "",
          "file": "",
          "beforeHooks": [],
          "afterHooks": [],
          "tests": [
            {
              "title": "Verification of 'Tasks list' Test",
              "fullTitle": "Case's 'Tasks' Tab Verification of 'Tasks list' Test",
              "timedOut": null,
              "duration": 23240,
              "state": "passed",
              "speed": "slow",
              "pass": true,
              "fail": false,
              "pending": false,
              "context": null,
              "code": "cy.contains(\"Set Case Team\").should(\"be.visible\");\ncy.contains(\"Set Task Timeline\").should(\"be.visible\");\ncy.contains(\"Set Required Forms and Documents\").should(\"be.visible\");\ncy.contains(\"Send Process Initiation Message to Foreign National\").should(\"be.visible\");\ncy.contains(\"Complete Questionnaire\").should(\"be.visible\");\ncy.contains(`Upload Documents (Foreign National)`).scrollIntoView().should(\"be.visible\");\ncy.contains(\"Upload Documents (Employer)\").should(\"be.visible\");\ncy.contains(\"Receive Case Invoice Payment\").should(\"be.visible\");\ncy.contains(\"Review Job Description\").should(\"be.visible\");\ncy.contains(\"Finalize Job Description\").should(\"be.visible\");\ncy.contains(\"Employee Confirms Requirements\").scrollIntoView().should(\"be.visible\");\ncy.contains(\"Prepare and Upload Experience Letter Templates\").should(\"be.visible\");\ncy.contains(\"Prepare Prevailing Wage Request\").should(\"be.visible\");\ncy.contains(\"Review Prevailing Wage Request\").should(\"be.visible\");\ncy.contains(\"File Prevailing Wage Request\").scrollIntoView().should(\"be.visible\");\ncy.contains(\"Receive Prevailing Wage Determination\").should(\"be.visible\");\ncy.contains(\"Prevailing Wage OK\").scrollIntoView().should(\"be.visible\");\ncy.contains(\"Upload Signed Experience Letters\").should(\"be.visible\");\ncy.contains(\"Review Signed Experience Letters\").should(\"be.visible\");\ncy.contains(\"Prepare Recruitment Templates\").should(\"be.visible\");\ncy.contains(\"Review Recruitment Templates\").should(\"be.visible\");\ncy.contains(\"Send Recruitment Templates to Vendor for Quote\").scrollIntoView().should(\"be.visible\");\ncy.contains(\"Send Recruitment Templates and Candidate Assessment to Client\").should(\"be.visible\");\ncy.contains(\"Approve Quote to Vendor\").should(\"be.visible\");\ncy.contains(\"Issue Recruitment Ads Invoice\").scrollIntoView().should(\"be.visible\");\ncy.contains(\"Receive Recruitment Ads Invoice Payment\").should(\"be.visible\");\ncy.contains(\"All Recruitment Complete and Review First Filing Date\").should(\"be.visible\");\ncy.contains(\"Prepare Audit File\").should(\"be.visible\");\ncy.contains(\"Review Audit File\").scrollIntoView().should(\"be.visible\");\ncy.contains(\"Upload Candidate Resumes and Assessments\").should(\"be.visible\");\ncy.contains(\"Draft PERM\").should(\"be.visible\");\ncy.contains(\"Share Draft PERM with Client and Employee\").should(\"be.visible\");\ncy.contains(\"Review and Submit PERM\").scrollIntoView().should(\"be.visible\");\ncy.contains(\"Receive Certified PERM\").should(\"be.visible\");\ncy.contains(\"Open I-140 Petition\").should(\"be.visible\");\ncy.contains(\"Check Priority Date for Current\").should(\"be.visible\");\ncy.contains(\"Set I-140 Task Timeline\").scrollIntoView().should(\"be.visible\");\ncy.contains(\"Set Required I-140 Forms and Documents\").should(\"be.visible\");\ncy.contains(\"Check Signature Page Version(s)\").should(\"be.visible\");\ncy.contains(\"Issue I-140 Invoice\").should(\"be.visible\");\ncy.contains(\"Receive I-140 Invoice Payment\").should(\"be.visible\");\ncy.contains(\"Review I-140 Information and Documents\").scrollIntoView().should(\"be.visible\");\ncy.contains(\"Prepare I-140 Forms\").should(\"be.visible\");\ncy.contains(\"Prepare I-140 LOS\").should(\"be.visible\");\ncy.contains(\"Review I-140 Forms\").should(\"be.visible\");\ncy.contains(\"Review I-140 Forms and Letter of Support\").should(\"be.visible\");\ncy.contains(\"Finalize I-140 Application for Attorney Review\").should(\"be.visible\");\ncy.contains(\"Review I-140 Application\").scrollIntoView().should(\"be.visible\");\ncy.contains(\"Ship I-140 Application\").should(\"be.visible\");\ncy.contains(\"Receive and Upload I-140 Receipt Notice\").should(\"be.visible\");\ncy.contains(\"Upload Decision Notice\").scrollIntoView().should(\"be.visible\");",
              "err": {},
              "uuid": "29393e82-5d6a-4d2a-92b9-4c30dc0e3416",
              "parentUUID": "fe777d9f-df0b-4e9d-8e3d-c19b807799de",
              "isHook": false,
              "skipped": false
            }
          ],
          "suites": [],
          "passes": [
            "29393e82-5d6a-4d2a-92b9-4c30dc0e3416"
          ],
          "failures": [],
          "pending": [],
          "skipped": [],
          "duration": 23240,
          "root": false,
          "rootEmpty": false,
          "_timeout": 2000
        }
      ],
      "passes": [],
      "failures": [],
      "pending": [],
      "skipped": [],
      "duration": 0,
      "root": true,
      "rootEmpty": true,
      "_timeout": 2000
    },
    {
      "uuid": "acb57cb6-470b-4194-b178-d212abce272a",
      "title": "",
      "fullFile": "cypress\\e2e\\CaseView\\ProcessRequest.cy.js",
      "file": "cypress\\e2e\\CaseView\\ProcessRequest.cy.js",
      "beforeHooks": [],
      "afterHooks": [],
      "tests": [],
      "suites": [
        {
          "uuid": "e5ed161e-2610-43ed-b0aa-5191d1916ab6",
          "title": "New Process Request Creation",
          "fullFile": "",
          "file": "",
          "beforeHooks": [],
          "afterHooks": [],
          "tests": [
            {
              "title": "New 'AOS' Process Request",
              "fullTitle": "New Process Request Creation New 'AOS' Process Request",
              "timedOut": null,
              "duration": 32668,
              "state": "passed",
              "speed": "slow",
              "pass": true,
              "fail": false,
              "pending": false,
              "context": null,
              "code": "cy.get('button[aria-label=\"Create\"]:visible').click();\ncy.wait(1000);\ncy.get('#Create-actions:visible > button[title=\"New Case\"]').click();\n//Drop down to searching sajid fn17\ncy.get(\"input.MuiInputBase-input\").click().type(\"sajid Fn17\").wait(3000).type(\"{downArrow}\").type(\"{enter}\");\ncy.wait(2000);\ncy.get('input[value=\"false\"]').click();\ncy.wait(2000);\ncy.contains(\"SHOW MORE OPTIONS\").click();\ncy.wait(3000);\n//**************** Select a case by name ************/\ncy.get('input[value=\"AOS\"]').click();\ncy.get(\"input#salary-input\").type(\"1200\");\ncy.get('input[value=\"REMOTE\"]').click();\ncy.contains(\"EXISTING JOB\").click();\ncy.wait(2000);\ncy.get(\"#job-select\").click();\ncy.get('li[data-value=\"f258db95-ca92-4173-8032-2c8d2f17a23d\"]').should(\"have.text\", \"QA Engineer\").click();\ncy.wait(500);\ncy.get(\"#special-notes-input\").type(\"Automating new 'AOS' Process Request with Cypress\");\ncy.contains(\"SUBMIT CASE REQUEST\").click();\ncy.get('a[href=\"/process-requests\"]').should(\"contain.text\", \"Process Requests\");\ncy.wait(5000);",
              "err": {},
              "uuid": "91fe8458-eaa9-4eb5-8ed0-3a48fde87c6a",
              "parentUUID": "e5ed161e-2610-43ed-b0aa-5191d1916ab6",
              "isHook": false,
              "skipped": false
            }
          ],
          "suites": [],
          "passes": [
            "91fe8458-eaa9-4eb5-8ed0-3a48fde87c6a"
          ],
          "failures": [],
          "pending": [],
          "skipped": [],
          "duration": 32668,
          "root": false,
          "rootEmpty": false,
          "_timeout": 2000
        }
      ],
      "passes": [],
      "failures": [],
      "pending": [],
      "skipped": [],
      "duration": 0,
      "root": true,
      "rootEmpty": true,
      "_timeout": 2000
    },
    {
      "uuid": "0387f70e-4484-4580-a5a4-1ed3ab246b86",
      "title": "",
      "fullFile": "cypress\\e2e\\FnDocumentsDropdown.cy.js",
      "file": "cypress\\e2e\\FnDocumentsDropdown.cy.js",
      "beforeHooks": [],
      "afterHooks": [],
      "tests": [],
      "suites": [
        {
          "uuid": "c21d0503-85c8-4c2f-9460-7cc613a9e450",
          "title": "FN's Additional Documents Types",
          "fullFile": "",
          "file": "",
          "beforeHooks": [],
          "afterHooks": [],
          "tests": [
            {
              "title": "Adding All List Documents",
              "fullTitle": "FN's Additional Documents Types Adding All List Documents",
              "timedOut": null,
              "duration": 23823,
              "state": "passed",
              "speed": "slow",
              "pass": true,
              "fail": false,
              "pending": false,
              "context": null,
              "code": "cy.visit(\"/\");\n//login\ncy.get(\"#username-input\").type(\"sajid.bashir+mh3@kwanso.com\");\ncy.get(\"#password-input\").type(\"Test#123{Enter}\");\n//clicking on contact and searching for sajid fn64\ncy.get('[href=\"/contacts\"] > .MuiButton-label').click();\ncy.get(\"#contact-navigation-2 > .MuiTab-wrapper\").click();\ncy.get(\".MuiTextField-root > .MuiInputBase-root > .MuiInputBase-input\").type(\"sajid fn64\");\ncy.wait(2000);\ncy.get(\".MuiLink-root > .MuiPaper-root\").click();\ncy.get(\"#person-navigation-4 > .MuiTab-wrapper\").click();\n//change the case for this specific users\ncy.get(\":nth-child(2) > :nth-child(1) > a\").click();\n//cy.wait(1000);\ncy.get(\"#case-navigation-2 > .MuiTab-wrapper\").click();\n// recursive function working as loop\nfunction AddDcument() {\n  cy.get(\"#case-navigationpanel-2 > section > div > div > button > span.MuiIconButton-label > svg\").click();\n  cy.get('.MuiList-root > [tabindex=\"0\"]').click();\n  cy.get(\"#modal\").then($element => {\n    const elementText = $element.text();\n    if (elementText.includes(\"There are no more documents left to add.\")) {\n      cy.get('button[data-title=\"close-button\"]').click();\n      return;\n    } else {\n      //open dropdown to add document types\n      cy.get(\"#mui-component-select-fileType\").click();\n      cy.get(\"#menu-fileType > div.MuiPaper-root.MuiMenu-paper.MuiPopover-paper.MuiPaper-elevation8.MuiPaper-rounded > ul > li:nth-child(1)\").click();\n      cy.get(\"button.MuiButtonBase-root.MuiButton-root.MuiButton-text.MuiButton-textPrimary\").click();\n      cy.wait(3000);\n    }\n    AddDcument(); // Call the function again for the next iteration\n  });\n}\n// Calling first time\nAddDcument();",
              "err": {},
              "uuid": "2a1196d0-4c3c-442d-8650-d61eed364bca",
              "parentUUID": "c21d0503-85c8-4c2f-9460-7cc613a9e450",
              "isHook": false,
              "skipped": false
            }
          ],
          "suites": [],
          "passes": [
            "2a1196d0-4c3c-442d-8650-d61eed364bca"
          ],
          "failures": [],
          "pending": [],
          "skipped": [],
          "duration": 23823,
          "root": false,
          "rootEmpty": false,
          "_timeout": 2000
        }
      ],
      "passes": [],
      "failures": [],
      "pending": [],
      "skipped": [],
      "duration": 0,
      "root": true,
      "rootEmpty": true,
      "_timeout": 2000
    },
    {
      "uuid": "0ef797d7-c3e2-4238-95e4-48dc123ef2e9",
      "title": "",
      "fullFile": "cypress\\e2e\\login.cy.js",
      "file": "cypress\\e2e\\login.cy.js",
      "beforeHooks": [],
      "afterHooks": [],
      "tests": [],
      "suites": [
        {
          "uuid": "98a18a21-73ff-4eb6-8f82-30a5ce50a536",
          "title": "New Process Request Creation",
          "fullFile": "",
          "file": "",
          "beforeHooks": [],
          "afterHooks": [],
          "tests": [
            {
              "title": "login",
              "fullTitle": "New Process Request Creation login",
              "timedOut": null,
              "duration": 13309,
              "state": "passed",
              "speed": "slow",
              "pass": true,
              "fail": false,
              "pending": false,
              "context": null,
              "code": "cy.visit(\"/\"); // The base url is set in \"cypress.config.js\" file and we can use it globally\n//login\ncy.get(\"#username-input\").type(\"sajid.bashir+mh3@kwanso.com\");\ncy.get(\"#password-input\").type(\"Test#123{Enter}\");\ncy.wait(5000);\ncy.get(\"#header-avatar\").click();\ncy.wait(1000);\ncy.get(\"#header-sign-out\").click();\ncy.wait(4000);",
              "err": {},
              "uuid": "66928ae0-a612-4874-9297-fb7934b444fa",
              "parentUUID": "98a18a21-73ff-4eb6-8f82-30a5ce50a536",
              "isHook": false,
              "skipped": false
            }
          ],
          "suites": [],
          "passes": [
            "66928ae0-a612-4874-9297-fb7934b444fa"
          ],
          "failures": [],
          "pending": [],
          "skipped": [],
          "duration": 13309,
          "root": false,
          "rootEmpty": false,
          "_timeout": 2000
        }
      ],
      "passes": [],
      "failures": [],
      "pending": [],
      "skipped": [],
      "duration": 0,
      "root": true,
      "rootEmpty": true,
      "_timeout": 2000
    },
    {
      "uuid": "97532b9c-cb15-4eba-8eeb-c6221f3d6c0c",
      "title": "",
      "fullFile": "cypress\\e2e\\CaseView\\CaseDocumentTab.cy.js",
      "file": "cypress\\e2e\\CaseView\\CaseDocumentTab.cy.js",
      "beforeHooks": [],
      "afterHooks": [],
      "tests": [],
      "suites": [
        {
          "uuid": "34d00eae-25b2-49f7-8075-494fa9fbf7c4",
          "title": "Case's 'Document' Tab",
          "fullFile": "",
          "file": "",
          "beforeHooks": [],
          "afterHooks": [],
          "tests": [
            {
              "title": "'File Uploading' Test",
              "fullTitle": "Case's 'Document' Tab 'File Uploading' Test",
              "timedOut": null,
              "duration": 34337,
              "state": "passed",
              "speed": "slow",
              "pass": true,
              "fail": false,
              "pending": false,
              "context": null,
              "code": "cy.get(\"label[for='contained-button-file-DIPLOMA'] span[class='MuiButton-label']\").click();\n/*************Uploading a test file */\n// intercept for spying\ncy.intercept({\n  method: \"POST\",\n  url: \"https://72ao7fxqpvb63fn7mzt2j2cp3e.appsync-api.us-east-1.amazonaws.com/graphql\"\n}).as(\"fileUpload\");\n// select file from cypress fixtures folder for upload\ncy.get(\"input[type=file]\").eq(2).selectFile(\"cypress//fixtures//testfile.png\", {\n  force: true\n});\n// assertion for wait file upload\ncy.waitUntil(() => cy.get(\"@fileUpload\").its(\"response.statusCode\").should(\"equal\", 200), {\n  timeout: 0,\n  interval: 500,\n  errorMsg: \"Request did not occur within the specified time.\"\n});\ncy.log(\"File Uplaoded Successfully\");\n/*************Removing a test file */\n/*\ncy.contains(\"bot\")\n  .should(\"be.visible\")\n  .find('button[type=\"button\"]')\n  .click({ force: true });\n  cy.log(\"File Removed Successfully\");\n*/",
              "err": {},
              "uuid": "fe739681-df4d-4f7d-950b-5d6fafd12614",
              "parentUUID": "34d00eae-25b2-49f7-8075-494fa9fbf7c4",
              "isHook": false,
              "skipped": false
            }
          ],
          "suites": [],
          "passes": [
            "fe739681-df4d-4f7d-950b-5d6fafd12614"
          ],
          "failures": [],
          "pending": [],
          "skipped": [],
          "duration": 34337,
          "root": false,
          "rootEmpty": false,
          "_timeout": 2000
        }
      ],
      "passes": [],
      "failures": [],
      "pending": [],
      "skipped": [],
      "duration": 0,
      "root": true,
      "rootEmpty": true,
      "_timeout": 2000
    }
  ],
  "meta": {
    "mocha": {
      "version": "7.0.1"
    },
    "mochawesome": {
      "options": {
        "quiet": false,
        "reportFilename": "mochawesome",
        "saveHtml": true,
        "saveJson": true,
        "consoleReporter": "spec",
        "useInlineDiffs": false,
        "code": true
      },
      "version": "7.1.3"
    },
    "marge": {
      "options": {
        "reportDir": "cypress/results",
        "charts": false,
        "overwrite": false,
        "html": true,
        "json": true
      },
      "version": "6.2.0"
    }
  }
}