{
  "stats": {
    "suites": 1,
    "tests": 1,
    "passes": 1,
    "pending": 0,
    "failures": 0,
    "start": "2023-11-03T06:51:35.170Z",
    "end": "2023-11-03T06:52:14.723Z",
    "duration": 39553,
    "testsRegistered": 1,
    "passPercent": 100,
    "pendingPercent": 0,
    "other": 0,
    "hasOther": false,
    "skipped": 0,
    "hasSkipped": false
  },
  "results": [
    {
      "uuid": "cbe1f733-03f3-4c58-a05f-b8f64f282b13",
      "title": "",
      "fullFile": "cypress\\e2e\\CaseView\\CaseDocumentTab.cy.js",
      "file": "cypress\\e2e\\CaseView\\CaseDocumentTab.cy.js",
      "beforeHooks": [],
      "afterHooks": [],
      "tests": [],
      "suites": [
        {
          "uuid": "f7203e2b-88ab-4d92-a2d9-50b6eb3f566a",
          "title": "Case's 'Document' Tab",
          "fullFile": "",
          "file": "",
          "beforeHooks": [],
          "afterHooks": [],
          "tests": [
            {
              "title": "'File Uploading' Test",
              "fullTitle": "Case's 'Document' Tab 'File Uploading' Test",
              "timedOut": null,
              "duration": 37154,
              "state": "passed",
              "speed": "slow",
              "pass": true,
              "fail": false,
              "pending": false,
              "context": null,
              "code": "cy.get(\"label[for='contained-button-file-DIPLOMA'] span[class='MuiButton-label']\").click();\n/*************Uploading a test file */\ncy.get(\"input[type=file]\").eq(2).selectFile(\"cypress//fixtures//testfile.png\", {\n  force: true\n});\ncy.log(\"File Uplaoded Successfully\");\n/*************Removing a test file */\n/*\ncy.contains(\"bot\")\n  .should(\"be.visible\")\n  .find('button[type=\"button\"]')\n  .click({ force: true });\n  cy.log(\"File Removed Successfully\");\n*/",
              "err": {},
              "uuid": "a6ec4a66-6a0f-40d6-a17e-81059b4b3a5b",
              "parentUUID": "f7203e2b-88ab-4d92-a2d9-50b6eb3f566a",
              "isHook": false,
              "skipped": false
            }
          ],
          "suites": [],
          "passes": [
            "a6ec4a66-6a0f-40d6-a17e-81059b4b3a5b"
          ],
          "failures": [],
          "pending": [],
          "skipped": [],
          "duration": 37154,
          "root": false,
          "rootEmpty": false,
          "_timeout": 2000
        }
      ],
      "passes": [],
      "failures": [],
      "pending": [],
      "skipped": [],
      "duration": 0,
      "root": true,
      "rootEmpty": true,
      "_timeout": 2000
    }
  ],
  "meta": {
    "mocha": {
      "version": "7.0.1"
    },
    "mochawesome": {
      "options": {
        "quiet": false,
        "reportFilename": "mochawesome",
        "saveHtml": false,
        "saveJson": true,
        "consoleReporter": "spec",
        "useInlineDiffs": false,
        "code": true
      },
      "version": "7.1.3"
    },
    "marge": {
      "options": {
        "reportDir": "cypress/results",
        "overwrite": false,
        "html": false,
        "json": true
      },
      "version": "6.2.0"
    }
  }
}