{
  "stats": {
    "suites": 1,
    "tests": 2,
    "passes": 2,
    "pending": 0,
    "failures": 0,
    "start": "2023-11-03T06:57:00.093Z",
    "end": "2023-11-03T06:58:00.196Z",
    "duration": 60103,
    "testsRegistered": 2,
    "passPercent": 100,
    "pendingPercent": 0,
    "other": 0,
    "hasOther": false,
    "skipped": 0,
    "hasSkipped": false
  },
  "results": [
    {
      "uuid": "bac926b2-147b-47f8-8514-bea410b744c8",
      "title": "",
      "fullFile": "cypress\\e2e\\ProcessRequest&FileUploaded.cy.js",
      "file": "cypress\\e2e\\ProcessRequest&FileUploaded.cy.js",
      "beforeHooks": [],
      "afterHooks": [],
      "tests": [],
      "suites": [
        {
          "uuid": "e04d5b95-6ea2-4e57-848a-c90e1cd01fb4",
          "title": "New Process Request + File Uploading",
          "fullFile": "",
          "file": "",
          "beforeHooks": [],
          "afterHooks": [],
          "tests": [
            {
              "title": "Create 'H-1B' Process Request for User 'Sajid fn17'",
              "fullTitle": "New Process Request + File Uploading Create 'H-1B' Process Request for User 'Sajid fn17'",
              "timedOut": null,
              "duration": 28813,
              "state": "passed",
              "speed": "slow",
              "pass": true,
              "fail": false,
              "pending": false,
              "context": null,
              "code": "cy.get('button[aria-label=\"Create\"]:visible').click();\ncy.wait(1000);\ncy.get('#Create-actions:visible > button[title=\"New Case\"]').click();\n//Drop down to searching sajid fn17\ncy.get(\"input.MuiInputBase-input\").click().type(\"sajid Fn17\").wait(3000).type(\"{downArrow}\").type(\"{enter}\");\ncy.wait(2000);\ncy.get('input[value=\"false\"]').click();\ncy.get('input[value=\"H_1B\"]').click();\ncy.get(\"input#salary-input\").type(\"1200\");\ncy.get('input[value=\"REMOTE\"]').click();\ncy.contains(\"EXISTING JOB\").click();\ncy.wait(2000);\ncy.get(\"#job-select\").click();\ncy.get('li[data-value=\"f258db95-ca92-4173-8032-2c8d2f17a23d\"]').should(\"have.text\", \"QA Engineer\").click();\ncy.wait(500);\ncy.get(\"#special-notes-input\").type(\"Automation testing\");\ncy.contains(\"SUBMIT CASE REQUEST\").click();\ncy.get('a[href=\"/process-requests\"]').should(\"contain.text\", \"Process Requests\");\ncy.wait(2000);",
              "err": {},
              "uuid": "a14eeeb2-41a1-41be-a61a-4ab6e79dbd10",
              "parentUUID": "e04d5b95-6ea2-4e57-848a-c90e1cd01fb4",
              "isHook": false,
              "skipped": false
            },
            {
              "title": "File uplaoding Test in Sajid Fn4's Documents",
              "fullTitle": "New Process Request + File Uploading File uplaoding Test in Sajid Fn4's Documents",
              "timedOut": null,
              "duration": 29398,
              "state": "passed",
              "speed": "slow",
              "pass": true,
              "fail": false,
              "pending": false,
              "context": null,
              "code": "cy.get('[href=\"/contacts\"] > .MuiButton-label').click();\ncy.get(\"#contact-navigation-2 > .MuiTab-wrapper\").click();\ncy.get(\".MuiTextField-root > .MuiInputBase-root > .MuiInputBase-input\").type(\"sajid fn4{Enter}\");\ncy.wait(5000);\ncy.get('[href=\"/people/sajid-fn4-2\"] > .MuiPaper-root').click();\ncy.get(\"#person-navigation-1 > .MuiTab-wrapper\").click();\ncy.get(\"label[for='contained-button-file-DIPLOMA'] span[class='MuiButton-label']\").click();\n/*************Uploading a test file */\ncy.get(\"input[type=file]\").eq(0).selectFile(\"cypress//fixtures//testfile.png\", {\n  force: true\n});\ncy.log(\"File Uplaoded Successfully\");",
              "err": {},
              "uuid": "5809a956-9d16-4f35-875f-3e1230675f59",
              "parentUUID": "e04d5b95-6ea2-4e57-848a-c90e1cd01fb4",
              "isHook": false,
              "skipped": false
            }
          ],
          "suites": [],
          "passes": [
            "a14eeeb2-41a1-41be-a61a-4ab6e79dbd10",
            "5809a956-9d16-4f35-875f-3e1230675f59"
          ],
          "failures": [],
          "pending": [],
          "skipped": [],
          "duration": 58211,
          "root": false,
          "rootEmpty": false,
          "_timeout": 2000
        }
      ],
      "passes": [],
      "failures": [],
      "pending": [],
      "skipped": [],
      "duration": 0,
      "root": true,
      "rootEmpty": true,
      "_timeout": 2000
    }
  ],
  "meta": {
    "mocha": {
      "version": "7.0.1"
    },
    "mochawesome": {
      "options": {
        "quiet": false,
        "reportFilename": "mochawesome",
        "saveHtml": false,
        "saveJson": true,
        "consoleReporter": "spec",
        "useInlineDiffs": false,
        "code": true
      },
      "version": "7.1.3"
    },
    "marge": {
      "options": {
        "reportDir": "cypress/results",
        "overwrite": false,
        "html": false,
        "json": true
      },
      "version": "6.2.0"
    }
  }
}