{
  "stats": {
    "suites": 1,
    "tests": 1,
    "passes": 1,
    "pending": 0,
    "failures": 0,
    "start": "2023-11-02T07:51:34.019Z",
    "end": "2023-11-02T07:52:03.768Z",
    "duration": 29749,
    "testsRegistered": 1,
    "passPercent": 100,
    "pendingPercent": 0,
    "other": 0,
    "hasOther": false,
    "skipped": 0,
    "hasSkipped": false
  },
  "results": [
    {
      "uuid": "7ef0c45c-8b42-48d7-896d-ce25d3b17099",
      "title": "",
      "fullFile": "cypress\\e2e\\CaseView\\CaseTaskTab.cy.js",
      "file": "cypress\\e2e\\CaseView\\CaseTaskTab.cy.js",
      "beforeHooks": [],
      "afterHooks": [],
      "tests": [],
      "suites": [
        {
          "uuid": "bbb7c002-fc53-4847-96b5-5a728023488e",
          "title": "Case's 'Tasks' Tab",
          "fullFile": "",
          "file": "",
          "beforeHooks": [],
          "afterHooks": [],
          "tests": [
            {
              "title": "Verification of 'Tasks list' Test",
              "fullTitle": "Case's 'Tasks' Tab Verification of 'Tasks list' Test",
              "timedOut": null,
              "duration": 28799,
              "state": "passed",
              "speed": "slow",
              "pass": true,
              "fail": false,
              "pending": false,
              "context": null,
              "code": "cy.contains(\"Set Case Team\").should(\"be.visible\");\ncy.contains(\"Set Task Timeline\").should(\"be.visible\");\ncy.contains(\"Set Required Forms and Documents\").should(\"be.visible\");\ncy.contains(\"Send Process Initiation Message to Foreign National\").should(\"be.visible\");\ncy.contains(\"Complete Questionnaire\").should(\"be.visible\");\ncy.contains(`Upload Documents (Foreign National)`).scrollIntoView().should(\"be.visible\");\ncy.contains(\"Upload Documents (Employer)\").should(\"be.visible\");\ncy.contains(\"Receive Case Invoice Payment\").should(\"be.visible\");\ncy.contains(\"Review Job Description\").should(\"be.visible\");\ncy.contains(\"Finalize Job Description\").should(\"be.visible\");\ncy.contains(\"Employee Confirms Requirements\").scrollIntoView().should(\"be.visible\");\ncy.contains(\"Prepare and Upload Experience Letter Templates\").should(\"be.visible\");\ncy.contains(\"Prepare Prevailing Wage Request\").should(\"be.visible\");\ncy.contains(\"Review Prevailing Wage Request\").should(\"be.visible\");\ncy.contains(\"File Prevailing Wage Request\").scrollIntoView().should(\"be.visible\");\ncy.contains(\"Receive Prevailing Wage Determination\").should(\"be.visible\");\ncy.contains(\"Prevailing Wage OK\").scrollIntoView().should(\"be.visible\");\ncy.contains(\"Upload Signed Experience Letters\").should(\"be.visible\");\ncy.contains(\"Review Signed Experience Letters\").should(\"be.visible\");\ncy.contains(\"Prepare Recruitment Templates\").should(\"be.visible\");\ncy.contains(\"Review Recruitment Templates\").should(\"be.visible\");\ncy.contains(\"Send Recruitment Templates to Vendor for Quote\").scrollIntoView().should(\"be.visible\");\ncy.contains(\"Send Recruitment Templates and Candidate Assessment to Client\").should(\"be.visible\");\ncy.contains(\"Approve Quote to Vendor\").should(\"be.visible\");\ncy.contains(\"Issue Recruitment Ads Invoice\").scrollIntoView().should(\"be.visible\");\ncy.contains(\"Receive Recruitment Ads Invoice Payment\").should(\"be.visible\");\ncy.contains(\"All Recruitment Complete and Review First Filing Date\").should(\"be.visible\");\ncy.contains(\"Prepare Audit File\").should(\"be.visible\");\ncy.contains(\"Review Audit File\").scrollIntoView().should(\"be.visible\");\ncy.contains(\"Upload Candidate Resumes and Assessments\").should(\"be.visible\");\ncy.contains(\"Draft PERM\").should(\"be.visible\");\ncy.contains(\"Share Draft PERM with Client and Employee\").should(\"be.visible\");\ncy.contains(\"Review and Submit PERM\").scrollIntoView().should(\"be.visible\");\ncy.contains(\"Receive Certified PERM\").should(\"be.visible\");\ncy.contains(\"Open I-140 Petition\").should(\"be.visible\");\ncy.contains(\"Check Priority Date for Current\").should(\"be.visible\");\ncy.contains(\"Set I-140 Task Timeline\").scrollIntoView().should(\"be.visible\");\ncy.contains(\"Set Required I-140 Forms and Documents\").should(\"be.visible\");\ncy.contains(\"Check Signature Page Version(s)\").should(\"be.visible\");\ncy.contains(\"Issue I-140 Invoice\").should(\"be.visible\");\ncy.contains(\"Receive I-140 Invoice Payment\").should(\"be.visible\");\ncy.contains(\"Review I-140 Information and Documents\").scrollIntoView().should(\"be.visible\");\ncy.contains(\"Prepare I-140 Forms\").should(\"be.visible\");\ncy.contains(\"Prepare I-140 LOS\").should(\"be.visible\");\ncy.contains(\"Review I-140 Forms\").should(\"be.visible\");\ncy.contains(\"Review I-140 Forms and Letter of Support\").should(\"be.visible\");\ncy.contains(\"Finalize I-140 Application for Attorney Review\").should(\"be.visible\");\ncy.contains(\"Review I-140 Application\").scrollIntoView().should(\"be.visible\");\ncy.contains(\"Ship I-140 Application\").should(\"be.visible\");\ncy.contains(\"Receive and Upload I-140 Receipt Notice\").should(\"be.visible\");\ncy.contains(\"Upload Decision Notice\").scrollIntoView().should(\"be.visible\");",
              "err": {},
              "uuid": "6ff06207-e681-459d-9e83-346817509010",
              "parentUUID": "bbb7c002-fc53-4847-96b5-5a728023488e",
              "isHook": false,
              "skipped": false
            }
          ],
          "suites": [],
          "passes": [
            "6ff06207-e681-459d-9e83-346817509010"
          ],
          "failures": [],
          "pending": [],
          "skipped": [],
          "duration": 28799,
          "root": false,
          "rootEmpty": false,
          "_timeout": 2000
        }
      ],
      "passes": [],
      "failures": [],
      "pending": [],
      "skipped": [],
      "duration": 0,
      "root": true,
      "rootEmpty": true,
      "_timeout": 2000
    }
  ],
  "meta": {
    "mocha": {
      "version": "7.0.1"
    },
    "mochawesome": {
      "options": {
        "quiet": false,
        "reportFilename": "mochawesome",
        "saveHtml": false,
        "saveJson": true,
        "consoleReporter": "spec",
        "useInlineDiffs": false,
        "code": true
      },
      "version": "7.1.3"
    },
    "marge": {
      "options": {
        "reportDir": "cypress/results",
        "overwrite": false,
        "html": false,
        "json": true
      },
      "version": "6.2.0"
    }
  }
}