{
  "stats": {
    "suites": 1,
    "tests": 2,
    "passes": 1,
    "pending": 0,
    "failures": 1,
    "start": "2023-11-02T11:45:22.059Z",
    "end": "2023-11-02T11:46:34.048Z",
    "duration": 71989,
    "testsRegistered": 2,
    "passPercent": 50,
    "pendingPercent": 0,
    "other": 0,
    "hasOther": false,
    "skipped": 0,
    "hasSkipped": false
  },
  "results": [
    {
      "uuid": "915e3e73-9793-4aab-bb4f-f33bed45688e",
      "title": "",
      "fullFile": "cypress\\e2e\\CaseView\\CaseOverviewTab.cy.js",
      "file": "cypress\\e2e\\CaseView\\CaseOverviewTab.cy.js",
      "beforeHooks": [],
      "afterHooks": [],
      "tests": [],
      "suites": [
        {
          "uuid": "480a1100-a82d-499a-a8fa-68ef2a9e9011",
          "title": "Case's 'Overview' Tab",
          "fullFile": "",
          "file": "",
          "beforeHooks": [],
          "afterHooks": [],
          "tests": [
            {
              "title": "Verifying the Displaying Card from Name",
              "fullTitle": "Case's 'Overview' Tab Verifying the Displaying Card from Name",
              "timedOut": null,
              "duration": 35424,
              "state": "failed",
              "speed": null,
              "pass": false,
              "fail": true,
              "pending": false,
              "context": "[\n  {\n    \"title\": \"cypress-mochawesome-reporter-videos-failed\",\n    \"value\": \"cypress\\\\e2e\\\\CaseView\\\\CaseOverviewTab.cy.js\"\n  },\n  {\n    \"title\": \"cypress-mochawesome-reporter-screenshots\",\n    \"value\": [\n      [\n        \"\\\\CaseOverviewTab.cy.js\\\\Case's 'Overview' Tab -- Verifying the Displaying Card from Name (failed).png\"\n      ]\n    ]\n  }\n]",
              "code": "//*************Open task*****/\ncy.get(\".jss547 > .MuiTypography-root\", {\n  timeout: 1000\n}).should(\"include.text\", \"Open Tasks\");\n//*************key dates*****/\ncy.get(\".jss492 > .MuiTypography-root\").should(\"include.text\", \"Key Dates\");\n//*************Prevailing Wage Case*****/\ncy.get(`.MuiTypography-root.jss5575.MuiTypography-body1[shub-ins=\"1\"]`).should(\"contain.text\", \"Prevailing Wage Case\");\n//*******Shipment Tracking******/\ncy.get(\".jss505 > .MuiTypography-root\").should(\"contain.text\", \"Shipment Tracking\");\n/***********Receipt Numbers******/\ncy.get(\".jss520 > .MuiTypography-root\").should(\"contain.text\", \"Receipt Numbers\");\n//***************Payment Status*******/\ncy.get(\".jss531 > .MuiTypography-root\").should(\"contain.text\", \"Payment Status\");",
              "err": {
                "message": "AssertionError: Timed out retrying after 1000ms: Expected to find element: `.jss547 > .MuiTypography-root`, but never found it.",
                "estack": "AssertionError: Timed out retrying after 1000ms: Expected to find element: `.jss547 > .MuiTypography-root`, but never found it.\n    at Context.eval (webpack://cypress-automation/./cypress/e2e/CaseView/CaseOverviewTab.cy.js:34:63)",
                "diff": null
              },
              "uuid": "27db0a46-7599-41f7-a9fb-8527474c51d7",
              "parentUUID": "480a1100-a82d-499a-a8fa-68ef2a9e9011",
              "isHook": false,
              "skipped": false
            },
            {
              "title": "Verifying the Displaying Card from Name (Using 'Contains' keyword",
              "fullTitle": "Case's 'Overview' Tab Verifying the Displaying Card from Name (Using 'Contains' keyword",
              "timedOut": null,
              "duration": 34361,
              "state": "passed",
              "speed": "slow",
              "pass": true,
              "fail": false,
              "pending": false,
              "context": "{\n  \"title\": \"cypress-mochawesome-reporter-videos-passed\",\n  \"value\": \"cypress\\\\e2e\\\\CaseView\\\\CaseOverviewTab.cy.js\"\n}",
              "code": "//*************Open task*****/\ncy.contains(\"Open Tasks\").should(\"be.visible\");\n//*************key dates*****/\ncy.contains(\"Key Dates\").scrollIntoView().should(\"be.visible\");\n//*************Prevailing Wage Case*****/\ncy.contains(\"Prevailing Wage Case\").should(\"be.visible\");\n/***********Receipt Numbers******/\ncy.contains(\"Receipt Numbers\").should(\"be.visible\");\n//*******Shipment Tracking******/\ncy.contains(\"Shipment Tracking\").scrollIntoView().should(\"be.visible\");\n//***************Payment Status*******/\ncy.contains(\"Payment Status\").scrollIntoView().should(\"be.visible\");",
              "err": {},
              "uuid": "388c77a0-2338-4db6-a118-39d53bbd941f",
              "parentUUID": "480a1100-a82d-499a-a8fa-68ef2a9e9011",
              "isHook": false,
              "skipped": false
            }
          ],
          "suites": [],
          "passes": [
            "388c77a0-2338-4db6-a118-39d53bbd941f"
          ],
          "failures": [
            "27db0a46-7599-41f7-a9fb-8527474c51d7"
          ],
          "pending": [],
          "skipped": [],
          "duration": 69785,
          "root": false,
          "rootEmpty": false,
          "_timeout": 2000
        }
      ],
      "passes": [],
      "failures": [],
      "pending": [],
      "skipped": [],
      "duration": 0,
      "root": true,
      "rootEmpty": true,
      "_timeout": 2000
    }
  ],
  "meta": {
    "mocha": {
      "version": "7.0.1"
    },
    "mochawesome": {
      "options": {
        "quiet": false,
        "reportFilename": "mochawesome",
        "saveHtml": false,
        "saveJson": true,
        "consoleReporter": "spec",
        "useInlineDiffs": false,
        "code": true
      },
      "version": "7.1.3"
    },
    "marge": {
      "options": {
        "reportDir": "cypress/results",
        "overwrite": false,
        "html": false,
        "json": true
      },
      "version": "6.2.0"
    }
  }
}