{
  "stats": {
    "suites": 1,
    "tests": 1,
    "passes": 1,
    "pending": 1,
    "failures": -1,
    "start": "2023-11-02T12:23:46.584Z",
    "end": "2023-11-02T12:24:14.810Z",
    "duration": 28226,
    "testsRegistered": 2,
    "passPercent": 100,
    "pendingPercent": 50,
    "other": 1,
    "hasOther": true,
    "skipped": 0,
    "hasSkipped": false
  },
  "results": [
    {
      "uuid": "c2e2e268-00c5-4756-bd2f-27cd1176d5bf",
      "title": "",
      "fullFile": "cypress\\e2e\\CaseView\\CaseOverviewTab.cy.js",
      "file": "cypress\\e2e\\CaseView\\CaseOverviewTab.cy.js",
      "beforeHooks": [],
      "afterHooks": [],
      "tests": [],
      "suites": [
        {
          "uuid": "863a2f79-1003-449b-91e2-4752ab16ed1e",
          "title": "Case's 'Overview' Tab",
          "fullFile": "",
          "file": "",
          "beforeHooks": [],
          "afterHooks": [],
          "tests": [
            {
              "title": "Verifying the Displaying Card from Name",
              "fullTitle": "Case's 'Overview' Tab Verifying the Displaying Card from Name",
              "timedOut": null,
              "duration": 0,
              "state": "pending",
              "speed": null,
              "pass": false,
              "fail": false,
              "pending": true,
              "context": null,
              "code": "//*************Open task*****/\ncy.get(\".jss547 > .MuiTypography-root\", {\n  timeout: 1000\n}).should(\"include.text\", \"Open Tasks\");\n//*************key dates*****/\ncy.get(\".jss492 > .MuiTypography-root\").should(\"include.text\", \"Key Dates\");\n//*************Prevailing Wage Case*****/\ncy.get(`.MuiTypography-root.jss5575.MuiTypography-body1[shub-ins=\"1\"]`).should(\"contain.text\", \"Prevailing Wage Case\");\n//*******Shipment Tracking******/\ncy.get(\".jss505 > .MuiTypography-root\").should(\"contain.text\", \"Shipment Tracking\");\n/***********Receipt Numbers******/\ncy.get(\".jss520 > .MuiTypography-root\").should(\"contain.text\", \"Receipt Numbers\");\n//***************Payment Status*******/\ncy.get(\".jss531 > .MuiTypography-root\").should(\"contain.text\", \"Payment Status\");",
              "err": {},
              "uuid": "2bb00338-9e95-48a9-b4fb-0ce9aa1d2914",
              "parentUUID": "863a2f79-1003-449b-91e2-4752ab16ed1e",
              "isHook": false,
              "skipped": false
            },
            {
              "title": "Verifying the Displaying Card from Name (Using 'Contains' keyword",
              "fullTitle": "Case's 'Overview' Tab Verifying the Displaying Card from Name (Using 'Contains' keyword",
              "timedOut": null,
              "duration": 27788,
              "state": "passed",
              "speed": "slow",
              "pass": true,
              "fail": false,
              "pending": false,
              "context": null,
              "code": "//*************Open task*****/\ncy.contains(\"Open Tasks\").should(\"be.visible\");\n//*************key dates*****/\ncy.contains(\"Key Dates\").scrollIntoView().should(\"be.visible\");\n//*************Prevailing Wage Case*****/\ncy.contains(\"Prevailing Wage Case\").should(\"be.visible\");\n/***********Receipt Numbers******/\ncy.contains(\"Receipt Numbers\").should(\"be.visible\");\n//*******Shipment Tracking******/\ncy.contains(\"Shipment Tracking\").scrollIntoView().should(\"be.visible\");\n//***************Payment Status*******/\ncy.contains(\"Payment Status\").scrollIntoView().should(\"be.visible\");",
              "err": {},
              "uuid": "273769e2-5c28-4c17-86ba-c6cc8c7df514",
              "parentUUID": "863a2f79-1003-449b-91e2-4752ab16ed1e",
              "isHook": false,
              "skipped": false
            }
          ],
          "suites": [],
          "passes": [
            "273769e2-5c28-4c17-86ba-c6cc8c7df514"
          ],
          "failures": [],
          "pending": [
            "2bb00338-9e95-48a9-b4fb-0ce9aa1d2914"
          ],
          "skipped": [],
          "duration": 27788,
          "root": false,
          "rootEmpty": false,
          "_timeout": 2000
        }
      ],
      "passes": [],
      "failures": [],
      "pending": [],
      "skipped": [],
      "duration": 0,
      "root": true,
      "rootEmpty": true,
      "_timeout": 2000
    }
  ],
  "meta": {
    "mocha": {
      "version": "7.0.1"
    },
    "mochawesome": {
      "options": {
        "quiet": false,
        "reportFilename": "mochawesome",
        "saveHtml": false,
        "saveJson": true,
        "consoleReporter": "spec",
        "useInlineDiffs": false,
        "code": true
      },
      "version": "7.1.3"
    },
    "marge": {
      "options": {
        "reportDir": "cypress/results",
        "overwrite": false,
        "html": false,
        "json": true
      },
      "version": "6.2.0"
    }
  }
}