{
  "stats": {
    "suites": 7,
    "tests": 9,
    "passes": 7,
    "pending": 0,
    "failures": 2,
    "testsRegistered": 9,
    "passPercent": 77.77777777777777,
    "pendingPercent": 0,
    "other": 0,
    "hasOther": false,
    "skipped": 0,
    "hasSkipped": false,
    "start": "2024-01-27T12:30:05.405Z",
    "end": "2024-01-27T12:37:05.581Z",
    "duration": 420176
  },
  "results": [
    {
      "uuid": "3cf9bdf0-6208-48ba-a16e-ebe220af9cef",
      "title": "",
      "fullFile": "cypress\\e2e\\login.cy.js",
      "file": "cypress\\e2e\\login.cy.js",
      "beforeHooks": [],
      "afterHooks": [],
      "tests": [],
      "suites": [
        {
          "uuid": "e2ce61ba-ea08-4579-9536-96433049f0a8",
          "title": "New Process Request Creation",
          "fullFile": "",
          "file": "",
          "beforeHooks": [],
          "afterHooks": [],
          "tests": [
            {
              "title": "login",
              "fullTitle": "New Process Request Creation login",
              "timedOut": null,
              "duration": 19512,
              "state": "passed",
              "speed": "slow",
              "pass": true,
              "fail": false,
              "pending": false,
              "context": null,
              "code": "cy.visit(\"/\"); // The base url is set in \"cypress.config.js\" file and we can use it globally\n//login\ncy.get(\"#username-input\").type(\"sajid.bashir+mh3@kwanso.com\");\ncy.get(\"#password-input\").type(\"Test#123{Enter}\");\ncy.wait(5000);\ncy.get(\"#header-avatar\").click();\ncy.wait(1000);\ncy.get(\"#header-sign-out\").click();\ncy.wait(4000);",
              "err": {},
              "uuid": "563d4acb-4751-4976-99df-72cc58c2f6bf",
              "parentUUID": "e2ce61ba-ea08-4579-9536-96433049f0a8",
              "isHook": false,
              "skipped": false
            }
          ],
          "suites": [],
          "passes": [
            "563d4acb-4751-4976-99df-72cc58c2f6bf"
          ],
          "failures": [],
          "pending": [],
          "skipped": [],
          "duration": 19512,
          "root": false,
          "rootEmpty": false,
          "_timeout": 2000
        }
      ],
      "passes": [],
      "failures": [],
      "pending": [],
      "skipped": [],
      "duration": 0,
      "root": true,
      "rootEmpty": true,
      "_timeout": 2000
    },
    {
      "uuid": "82b83a99-7931-44ec-a0ec-160d26f3b4ee",
      "title": "",
      "fullFile": "cypress\\e2e\\CaseView\\CaseDocumentTab.cy.js",
      "file": "cypress\\e2e\\CaseView\\CaseDocumentTab.cy.js",
      "beforeHooks": [],
      "afterHooks": [],
      "tests": [],
      "suites": [
        {
          "uuid": "4564e96f-deb5-4b43-890f-badc16d4c0d8",
          "title": "Case's 'Document' Tab",
          "fullFile": "",
          "file": "",
          "beforeHooks": [],
          "afterHooks": [],
          "tests": [
            {
              "title": "'File Uploading' Test",
              "fullTitle": "Case's 'Document' Tab 'File Uploading' Test",
              "timedOut": null,
              "duration": 44033,
              "state": "passed",
              "speed": "slow",
              "pass": true,
              "fail": false,
              "pending": false,
              "context": null,
              "code": "cy.get(\"label[for='contained-button-file-DIPLOMA'] span[class='MuiButton-label']\").click();\n/*************Uploading a test file */\n// intercept for spying\ncy.intercept({\n  method: \"POST\",\n  url: \"https://72ao7fxqpvb63fn7mzt2j2cp3e.appsync-api.us-east-1.amazonaws.com/graphql\"\n}).as(\"fileUpload\");\n// select file from cypress fixtures folder for upload\ncy.get(\"input[type=file]\").eq(2).selectFile(\"cypress//fixtures//testfile.png\", {\n  force: true\n});\n// assertion for wait file upload\ncy.waitUntil(() => cy.get(\"@fileUpload\").its(\"response.statusCode\").should(\"equal\", 200), {\n  timeout: 0,\n  interval: 500,\n  errorMsg: \"Request did not occur within the specified time.\"\n});\ncy.log(\"File Uplaoded Successfully\");\n/*************Removing a test file */\n/*\ncy.contains(\"bot\")\n  .should(\"be.visible\")\n  .find('button[type=\"button\"]')\n  .click({ force: true });\n  cy.log(\"File Removed Successfully\");\n*/",
              "err": {},
              "uuid": "a46e8bd4-0ae9-45e1-ae17-fa70b8a298e5",
              "parentUUID": "4564e96f-deb5-4b43-890f-badc16d4c0d8",
              "isHook": false,
              "skipped": false
            }
          ],
          "suites": [],
          "passes": [
            "a46e8bd4-0ae9-45e1-ae17-fa70b8a298e5"
          ],
          "failures": [],
          "pending": [],
          "skipped": [],
          "duration": 44033,
          "root": false,
          "rootEmpty": false,
          "_timeout": 2000
        }
      ],
      "passes": [],
      "failures": [],
      "pending": [],
      "skipped": [],
      "duration": 0,
      "root": true,
      "rootEmpty": true,
      "_timeout": 2000
    },
    {
      "uuid": "cfcd5b60-5fa0-4258-95b3-3b86b05ca4c4",
      "title": "",
      "fullFile": "cypress\\e2e\\CaseView\\CaseOverviewTab.cy.js",
      "file": "cypress\\e2e\\CaseView\\CaseOverviewTab.cy.js",
      "beforeHooks": [],
      "afterHooks": [],
      "tests": [],
      "suites": [
        {
          "uuid": "51bf89c8-b31c-41fb-b421-59817cdd1f63",
          "title": "Case's 'Overview' Tab",
          "fullFile": "",
          "file": "",
          "beforeHooks": [],
          "afterHooks": [],
          "tests": [
            {
              "title": "Verifying the Displaying Card from Name",
              "fullTitle": "Case's 'Overview' Tab Verifying the Displaying Card from Name",
              "timedOut": null,
              "duration": 27940,
              "state": "failed",
              "speed": null,
              "pass": false,
              "fail": true,
              "pending": false,
              "context": null,
              "code": "//*************Open task*****/\ncy.get(\".jss547 > .MuiTypography-root\", {\n  timeout: 1000\n}).should(\"include.text\", \"Open Tasks\");\n//*************key dates*****/\ncy.get(\".jss492 > .MuiTypography-root\").should(\"include.text\", \"Key Dates\");\n//*************Prevailing Wage Case*****/\ncy.get(`.MuiTypography-root.jss5575.MuiTypography-body1[shub-ins=\"1\"]`).should(\"contain.text\", \"Prevailing Wage Case\");\n//*******Shipment Tracking******/\ncy.get(\".jss505 > .MuiTypography-root\").should(\"contain.text\", \"Shipment Tracking\");\n/***********Receipt Numbers******/\ncy.get(\".jss520 > .MuiTypography-root\").should(\"contain.text\", \"Receipt Numbers\");\n//***************Payment Status*******/\ncy.get(\".jss531 > .MuiTypography-root\").should(\"contain.text\", \"Payment Status\");",
              "err": {
                "message": "AssertionError: Timed out retrying after 1000ms: Expected to find element: `.jss547 > .MuiTypography-root`, but never found it.",
                "estack": "AssertionError: Timed out retrying after 1000ms: Expected to find element: `.jss547 > .MuiTypography-root`, but never found it.\n    at Context.eval (webpack://cypress-automation/./cypress/e2e/CaseView/CaseOverviewTab.cy.js:34:63)",
                "diff": null
              },
              "uuid": "b8a8eb0e-0720-453b-9191-72ea61ac0466",
              "parentUUID": "51bf89c8-b31c-41fb-b421-59817cdd1f63",
              "isHook": false,
              "skipped": false
            },
            {
              "title": "Verifying the Displaying Card from Name (Using 'Contains' keyword",
              "fullTitle": "Case's 'Overview' Tab Verifying the Displaying Card from Name (Using 'Contains' keyword",
              "timedOut": null,
              "duration": 33142,
              "state": "passed",
              "speed": "slow",
              "pass": true,
              "fail": false,
              "pending": false,
              "context": null,
              "code": "//*************Open task*****/\ncy.contains(\"Open Tasks\").should(\"be.visible\");\n//*************key dates*****/\ncy.contains(\"Key Dates\").scrollIntoView().should(\"be.visible\");\n//*************Prevailing Wage Case*****/\ncy.contains(\"Prevailing Wage Case\").should(\"be.visible\");\n/***********Receipt Numbers******/\ncy.contains(\"Receipt Numbers\").should(\"be.visible\");\n//*******Shipment Tracking******/\ncy.contains(\"Shipment Tracking\").scrollIntoView().should(\"be.visible\");\n//***************Payment Status*******/\ncy.contains(\"Payment Status\").scrollIntoView().should(\"be.visible\");",
              "err": {},
              "uuid": "27992259-d815-4dac-af65-98ed6e245502",
              "parentUUID": "51bf89c8-b31c-41fb-b421-59817cdd1f63",
              "isHook": false,
              "skipped": false
            }
          ],
          "suites": [],
          "passes": [
            "27992259-d815-4dac-af65-98ed6e245502"
          ],
          "failures": [
            "b8a8eb0e-0720-453b-9191-72ea61ac0466"
          ],
          "pending": [],
          "skipped": [],
          "duration": 61082,
          "root": false,
          "rootEmpty": false,
          "_timeout": 2000
        }
      ],
      "passes": [],
      "failures": [],
      "pending": [],
      "skipped": [],
      "duration": 0,
      "root": true,
      "rootEmpty": true,
      "_timeout": 2000
    },
    {
      "uuid": "681a8c78-4ea9-4515-9ca2-89927c4bf66b",
      "title": "",
      "fullFile": "cypress\\e2e\\CaseView\\CaseTaskTab.cy.js",
      "file": "cypress\\e2e\\CaseView\\CaseTaskTab.cy.js",
      "beforeHooks": [],
      "afterHooks": [],
      "tests": [],
      "suites": [
        {
          "uuid": "b6b9471f-03c8-41a1-b315-291a24515ba0",
          "title": "Case's 'Tasks' Tab",
          "fullFile": "",
          "file": "",
          "beforeHooks": [],
          "afterHooks": [],
          "tests": [
            {
              "title": "Verification of 'Tasks list' Test",
              "fullTitle": "Case's 'Tasks' Tab Verification of 'Tasks list' Test",
              "timedOut": null,
              "duration": 42031,
              "state": "passed",
              "speed": "slow",
              "pass": true,
              "fail": false,
              "pending": false,
              "context": null,
              "code": "cy.contains(\"Set Case Team\").should(\"be.visible\");\ncy.contains(\"Set Task Timeline\").should(\"be.visible\");\ncy.contains(\"Set Required Forms and Documents\").should(\"be.visible\");\ncy.contains(\"Send Process Initiation Message to Foreign National\").should(\"be.visible\");\ncy.contains(\"Complete Questionnaire\").should(\"be.visible\");\ncy.contains(`Upload Documents (Foreign National)`).scrollIntoView().should(\"be.visible\");\ncy.contains(\"Upload Documents (Employer)\").should(\"be.visible\");\ncy.contains(\"Receive Case Invoice Payment\").should(\"be.visible\");\ncy.contains(\"Review Job Description\").should(\"be.visible\");\ncy.contains(\"Finalize Job Description\").should(\"be.visible\");\ncy.contains(\"Employee Confirms Requirements\").scrollIntoView().should(\"be.visible\");\ncy.contains(\"Prepare and Upload Experience Letter Templates\").should(\"be.visible\");\ncy.contains(\"Prepare Prevailing Wage Request\").should(\"be.visible\");\ncy.contains(\"Review Prevailing Wage Request\").should(\"be.visible\");\ncy.contains(\"File Prevailing Wage Request\").scrollIntoView().should(\"be.visible\");\ncy.contains(\"Receive Prevailing Wage Determination\").should(\"be.visible\");\ncy.contains(\"Prevailing Wage OK\").scrollIntoView().should(\"be.visible\");\ncy.contains(\"Upload Signed Experience Letters\").should(\"be.visible\");\ncy.contains(\"Review Signed Experience Letters\").should(\"be.visible\");\ncy.contains(\"Prepare Recruitment Templates\").should(\"be.visible\");\ncy.contains(\"Review Recruitment Templates\").should(\"be.visible\");\ncy.contains(\"Send Recruitment Templates to Vendor for Quote\").scrollIntoView().should(\"be.visible\");\ncy.contains(\"Send Recruitment Templates and Candidate Assessment to Client\").should(\"be.visible\");\ncy.contains(\"Approve Quote to Vendor\").should(\"be.visible\");\ncy.contains(\"Issue Recruitment Ads Invoice\").scrollIntoView().should(\"be.visible\");\ncy.contains(\"Receive Recruitment Ads Invoice Payment\").should(\"be.visible\");\ncy.contains(\"All Recruitment Complete and Review First Filing Date\").should(\"be.visible\");\ncy.contains(\"Prepare Audit File\").should(\"be.visible\");\ncy.contains(\"Review Audit File\").scrollIntoView().should(\"be.visible\");\ncy.contains(\"Upload Candidate Resumes and Assessments\").should(\"be.visible\");\ncy.contains(\"Draft PERM\").should(\"be.visible\");\ncy.contains(\"Share Draft PERM with Client and Employee\").should(\"be.visible\");\ncy.contains(\"Review and Submit PERM\").scrollIntoView().should(\"be.visible\");\ncy.contains(\"Receive Certified PERM\").should(\"be.visible\");\ncy.contains(\"Open I-140 Petition\").should(\"be.visible\");\ncy.contains(\"Check Priority Date for Current\").should(\"be.visible\");\ncy.contains(\"Set I-140 Task Timeline\").scrollIntoView().should(\"be.visible\");\ncy.contains(\"Set Required I-140 Forms and Documents\").should(\"be.visible\");\ncy.contains(\"Check Signature Page Version(s)\").should(\"be.visible\");\ncy.contains(\"Issue I-140 Invoice\").should(\"be.visible\");\ncy.contains(\"Receive I-140 Invoice Payment\").should(\"be.visible\");\ncy.contains(\"Review I-140 Information and Documents\").scrollIntoView().should(\"be.visible\");\ncy.contains(\"Prepare I-140 Forms\").should(\"be.visible\");\ncy.contains(\"Prepare I-140 LOS\").should(\"be.visible\");\ncy.contains(\"Review I-140 Forms\").should(\"be.visible\");\ncy.contains(\"Review I-140 Forms and Letter of Support\").should(\"be.visible\");\ncy.contains(\"Finalize I-140 Application for Attorney Review\").should(\"be.visible\");\ncy.contains(\"Review I-140 Application\").scrollIntoView().should(\"be.visible\");\ncy.contains(\"Ship I-140 Application\").should(\"be.visible\");\ncy.contains(\"Receive and Upload I-140 Receipt Notice\").should(\"be.visible\");\ncy.contains(\"Upload Decision Notice\").scrollIntoView().should(\"be.visible\");",
              "err": {},
              "uuid": "33be367d-9d9b-4b76-bc57-08bb4533761a",
              "parentUUID": "b6b9471f-03c8-41a1-b315-291a24515ba0",
              "isHook": false,
              "skipped": false
            }
          ],
          "suites": [],
          "passes": [
            "33be367d-9d9b-4b76-bc57-08bb4533761a"
          ],
          "failures": [],
          "pending": [],
          "skipped": [],
          "duration": 42031,
          "root": false,
          "rootEmpty": false,
          "_timeout": 2000
        }
      ],
      "passes": [],
      "failures": [],
      "pending": [],
      "skipped": [],
      "duration": 0,
      "root": true,
      "rootEmpty": true,
      "_timeout": 2000
    },
    {
      "uuid": "4709cf8b-30fb-4340-88d9-b51baff5a4d1",
      "title": "",
      "fullFile": "cypress\\e2e\\CaseView\\ProcessRequest.cy.js",
      "file": "cypress\\e2e\\CaseView\\ProcessRequest.cy.js",
      "beforeHooks": [],
      "afterHooks": [],
      "tests": [],
      "suites": [
        {
          "uuid": "28699fbd-c519-4fcc-9f01-96c7dc68fd72",
          "title": "New Process Request Creation",
          "fullFile": "",
          "file": "",
          "beforeHooks": [],
          "afterHooks": [],
          "tests": [
            {
              "title": "New 'AOS' Process Request",
              "fullTitle": "New Process Request Creation New 'AOS' Process Request",
              "timedOut": null,
              "duration": 44570,
              "state": "passed",
              "speed": "slow",
              "pass": true,
              "fail": false,
              "pending": false,
              "context": null,
              "code": "cy.get('button[aria-label=\"Create\"]:visible').click();\ncy.wait(1000);\ncy.get('#Create-actions:visible > button[title=\"New Case\"]').click();\n//Drop down to searching sajid fn17\ncy.get(\"input.MuiInputBase-input\").click().type(\"sajid Fn17\").wait(3000).type(\"{downArrow}\").type(\"{enter}\");\ncy.wait(2000);\ncy.get('input[value=\"false\"]').click();\ncy.wait(2000);\ncy.contains(\"SHOW MORE OPTIONS\").click();\ncy.wait(3000);\n//**************** Select a case by name ************/\ncy.get('input[value=\"AOS\"]').click();\ncy.get(\"input#salary-input\").type(\"1200\");\ncy.get('input[value=\"REMOTE\"]').click();\ncy.contains(\"EXISTING JOB\").click();\ncy.wait(2000);\ncy.get(\"#job-select\").click();\ncy.get('li[data-value=\"f258db95-ca92-4173-8032-2c8d2f17a23d\"]').should(\"have.text\", \"QA Engineer\").click();\ncy.wait(500);\ncy.get(\"#special-notes-input\").type(\"Automating new 'AOS' Process Request with Cypress\");\ncy.contains(\"SUBMIT CASE REQUEST\").click();\ncy.get('a[href=\"/process-requests\"]').should(\"contain.text\", \"Process Requests\");\ncy.wait(5000);",
              "err": {},
              "uuid": "b3fd1912-f90c-4295-be14-9c2a4bed5d1a",
              "parentUUID": "28699fbd-c519-4fcc-9f01-96c7dc68fd72",
              "isHook": false,
              "skipped": false
            }
          ],
          "suites": [],
          "passes": [
            "b3fd1912-f90c-4295-be14-9c2a4bed5d1a"
          ],
          "failures": [],
          "pending": [],
          "skipped": [],
          "duration": 44570,
          "root": false,
          "rootEmpty": false,
          "_timeout": 2000
        }
      ],
      "passes": [],
      "failures": [],
      "pending": [],
      "skipped": [],
      "duration": 0,
      "root": true,
      "rootEmpty": true,
      "_timeout": 2000
    },
    {
      "uuid": "2fdefd4e-29dd-457a-b1e0-adc811beb479",
      "title": "",
      "fullFile": "cypress\\e2e\\CaseView\\CaseOverviewTab.cy.js",
      "file": "cypress\\e2e\\CaseView\\CaseOverviewTab.cy.js",
      "beforeHooks": [],
      "afterHooks": [],
      "tests": [],
      "suites": [
        {
          "uuid": "01895f3e-651a-4185-8a32-8248531b1aac",
          "title": "Case's 'Overview' Tab",
          "fullFile": "",
          "file": "",
          "beforeHooks": [],
          "afterHooks": [],
          "tests": [
            {
              "title": "Verifying the Displaying Card from Name",
              "fullTitle": "Case's 'Overview' Tab Verifying the Displaying Card from Name",
              "timedOut": null,
              "duration": 30183,
              "state": "failed",
              "speed": null,
              "pass": false,
              "fail": true,
              "pending": false,
              "context": null,
              "code": "//*************Open task*****/\ncy.get(\".jss547 > .MuiTypography-root\", {\n  timeout: 1000\n}).should(\"include.text\", \"Open Tasks\");\n//*************key dates*****/\ncy.get(\".jss492 > .MuiTypography-root\").should(\"include.text\", \"Key Dates\");\n//*************Prevailing Wage Case*****/\ncy.get(`.MuiTypography-root.jss5575.MuiTypography-body1[shub-ins=\"1\"]`).should(\"contain.text\", \"Prevailing Wage Case\");\n//*******Shipment Tracking******/\ncy.get(\".jss505 > .MuiTypography-root\").should(\"contain.text\", \"Shipment Tracking\");\n/***********Receipt Numbers******/\ncy.get(\".jss520 > .MuiTypography-root\").should(\"contain.text\", \"Receipt Numbers\");\n//***************Payment Status*******/\ncy.get(\".jss531 > .MuiTypography-root\").should(\"contain.text\", \"Payment Status\");",
              "err": {
                "message": "AssertionError: Timed out retrying after 1000ms: Expected to find element: `.jss547 > .MuiTypography-root`, but never found it.",
                "estack": "AssertionError: Timed out retrying after 1000ms: Expected to find element: `.jss547 > .MuiTypography-root`, but never found it.\n    at Context.eval (webpack://cypress-automation/./cypress/e2e/CaseView/CaseOverviewTab.cy.js:34:63)",
                "diff": null
              },
              "uuid": "51848905-04eb-4982-9f42-2a4d99a4e2f8",
              "parentUUID": "01895f3e-651a-4185-8a32-8248531b1aac",
              "isHook": false,
              "skipped": false
            },
            {
              "title": "Verifying the Displaying Card from Name (Using 'Contains' keyword",
              "fullTitle": "Case's 'Overview' Tab Verifying the Displaying Card from Name (Using 'Contains' keyword",
              "timedOut": null,
              "duration": 25017,
              "state": "passed",
              "speed": "slow",
              "pass": true,
              "fail": false,
              "pending": false,
              "context": null,
              "code": "//*************Open task*****/\ncy.contains(\"Open Tasks\").should(\"be.visible\");\n//*************key dates*****/\ncy.contains(\"Key Dates\").scrollIntoView().should(\"be.visible\");\n//*************Prevailing Wage Case*****/\ncy.contains(\"Prevailing Wage Case\").should(\"be.visible\");\n/***********Receipt Numbers******/\ncy.contains(\"Receipt Numbers\").should(\"be.visible\");\n//*******Shipment Tracking******/\ncy.contains(\"Shipment Tracking\").scrollIntoView().should(\"be.visible\");\n//***************Payment Status*******/\ncy.contains(\"Payment Status\").scrollIntoView().should(\"be.visible\");",
              "err": {},
              "uuid": "c377c214-316f-4999-bf25-ea9011c7f858",
              "parentUUID": "01895f3e-651a-4185-8a32-8248531b1aac",
              "isHook": false,
              "skipped": false
            }
          ],
          "suites": [],
          "passes": [
            "c377c214-316f-4999-bf25-ea9011c7f858"
          ],
          "failures": [
            "51848905-04eb-4982-9f42-2a4d99a4e2f8"
          ],
          "pending": [],
          "skipped": [],
          "duration": 55200,
          "root": false,
          "rootEmpty": false,
          "_timeout": 2000
        }
      ],
      "passes": [],
      "failures": [],
      "pending": [],
      "skipped": [],
      "duration": 0,
      "root": true,
      "rootEmpty": true,
      "_timeout": 2000
    },
    {
      "uuid": "1a28757c-e0c1-482d-86d1-aa964bb2074c",
      "title": "",
      "fullFile": "cypress\\e2e\\FnDocumentsDropdown.cy.js",
      "file": "cypress\\e2e\\FnDocumentsDropdown.cy.js",
      "beforeHooks": [],
      "afterHooks": [],
      "tests": [],
      "suites": [
        {
          "uuid": "e4216a17-a599-468f-a4b3-3bffbc2aa96a",
          "title": "FN's Additional Documents Types",
          "fullFile": "",
          "file": "",
          "beforeHooks": [],
          "afterHooks": [],
          "tests": [
            {
              "title": "Adding All List Documents",
              "fullTitle": "FN's Additional Documents Types Adding All List Documents",
              "timedOut": null,
              "duration": 48246,
              "state": "passed",
              "speed": "slow",
              "pass": true,
              "fail": false,
              "pending": false,
              "context": null,
              "code": "cy.visit(\"/\");\n//login\ncy.get(\"#username-input\").type(\"sajid.bashir+mh3@kwanso.com\");\ncy.get(\"#password-input\").type(\"Test#123{Enter}\");\n//clicking on contact and searching for sajid fn64\ncy.get('[href=\"/contacts\"] > .MuiButton-label').click();\ncy.get(\"#contact-navigation-2 > .MuiTab-wrapper\").click();\ncy.get(\".MuiTextField-root > .MuiInputBase-root > .MuiInputBase-input\").type(\"sajid fn64\");\ncy.wait(2000);\ncy.get(\".MuiLink-root > .MuiPaper-root\").click();\ncy.get(\"#person-navigation-4 > .MuiTab-wrapper\").click();\n//change the case for this specific users\ncy.get(\":nth-child(2) > :nth-child(1) > a\").click();\n//cy.wait(1000);\ncy.get(\"#case-navigation-2 > .MuiTab-wrapper\").click();\n// recursive function working as loop\nfunction AddDcument() {\n  cy.get(\"#case-navigationpanel-2 > section > div > div > button > span.MuiIconButton-label > svg\").click();\n  cy.get('.MuiList-root > [tabindex=\"0\"]').click();\n  cy.get(\"#modal\").then($element => {\n    const elementText = $element.text();\n    if (elementText.includes(\"There are no more documents left to add.\")) {\n      cy.get('button[data-title=\"close-button\"]').click();\n      return;\n    } else {\n      //open dropdown to add document types\n      cy.get(\"#mui-component-select-fileType\").click();\n      cy.get(\"#menu-fileType > div.MuiPaper-root.MuiMenu-paper.MuiPopover-paper.MuiPaper-elevation8.MuiPaper-rounded > ul > li:nth-child(1)\").click();\n      cy.get(\"button.MuiButtonBase-root.MuiButton-root.MuiButton-text.MuiButton-textPrimary\").click();\n      cy.wait(3000);\n    }\n    AddDcument(); // Call the function again for the next iteration\n  });\n}\n// Calling first time\nAddDcument();",
              "err": {},
              "uuid": "fc4b8ef3-2f23-48b6-8458-3b9ec35374f2",
              "parentUUID": "e4216a17-a599-468f-a4b3-3bffbc2aa96a",
              "isHook": false,
              "skipped": false
            }
          ],
          "suites": [],
          "passes": [
            "fc4b8ef3-2f23-48b6-8458-3b9ec35374f2"
          ],
          "failures": [],
          "pending": [],
          "skipped": [],
          "duration": 48246,
          "root": false,
          "rootEmpty": false,
          "_timeout": 2000
        }
      ],
      "passes": [],
      "failures": [],
      "pending": [],
      "skipped": [],
      "duration": 0,
      "root": true,
      "rootEmpty": true,
      "_timeout": 2000
    }
  ],
  "meta": {
    "mocha": {
      "version": "7.0.1"
    },
    "mochawesome": {
      "options": {
        "quiet": false,
        "reportFilename": "mochawesome",
        "saveHtml": true,
        "saveJson": true,
        "consoleReporter": "spec",
        "useInlineDiffs": false,
        "code": true
      },
      "version": "7.1.3"
    },
    "marge": {
      "options": {
        "reportDir": "cypress/results",
        "charts": true,
        "overwrite": false,
        "html": true,
        "json": true
      },
      "version": "6.2.0"
    }
  }
}